<?xml version="1.0" encoding="UTF-8"?>
<!-- Generated by org.testng.reporters.JUnitReportReporter -->
<testsuite hostname="LAPTOP-4I1PL9LR" failures="0" tests="1" name="pack1.NewTest" time="8.083" errors="0" timestamp="07 Jan 2022 13:12:59 GMT" skipped="0">
  <testcase classname="pack1.NewTest" name="f" time="8.083"/>
</testsuite> <!-- pack1.NewTest -->
