<?xml version="1.0" encoding="UTF-8"?>
<!-- Generated by org.testng.reporters.JUnitReportReporter -->
<testsuite hostname="LAPTOP-4I1PL9LR" failures="0" tests="1" name="pack1.WebTableTest" time="15.105" errors="0" timestamp="08 Jan 2022 02:42:02 GMT" skipped="0">
  <testcase classname="pack1.WebTableTest" name="webTableToMap" time="15.105"/>
</testsuite> <!-- pack1.WebTableTest -->
