<?xml version="1.0" encoding="UTF-8"?>
<!-- Generated by org.testng.reporters.JUnitReportReporter -->
<testsuite hostname="LAPTOP-4I1PL9LR" failures="0" tests="1" name="pack1.NewTest" time="9.700" errors="0" timestamp="08 Jan 2022 02:30:20 GMT" skipped="0">
  <testcase classname="pack1.NewTest" name="f" time="9.700"/>
</testsuite> <!-- pack1.NewTest -->
